air alpha
air west
air fast
air fix
air flight
air flow
air go
airnav
air nav
air north
air plan
air share
an air
at i
a via
c a p
city fly
co tam
den a
do me
east way
east wind
echo line
er ah
fly hello
fly high
fly now
for d
go air
golf air
good speed
has a
her on
high field
hu sky
hu_sky
in line
in ten or
jet speed
kind a
ko ko
may a
next flight
new air
next on
next time
north air
north east
north west
north winds
now flight
okay air
on air
on track
papa go
re go
ryanair
s air
so l
seven air
south west
speed air
speed service
star up
sun speed
tail wind
top end
top fly
top speed
un air
west wind
x-ray
t_w_a
to ma
to m a
car to
